[2020-05-17 11:29:37.435] [exthost] [info] extension host started
[2020-05-17 11:29:37.553] [exthost] [info] ExtensionService#_doActivateExtension vscode.debug-auto-launch {"startup":true,"extensionId":{"value":"vscode.debug-auto-launch","_lower":"vscode.debug-auto-launch"},"activationEvent":"*"}
[2020-05-17 11:29:37.554] [exthost] [info] ExtensionService#loadCommonJSModule file:///usr/share/code/resources/app/extensions/debug-auto-launch/dist/extension
[2020-05-17 11:29:37.569] [exthost] [info] ExtensionService#_doActivateExtension vscode.emmet {"startup":true,"extensionId":{"value":"vscode.emmet","_lower":"vscode.emmet"},"activationEvent":"*"}
[2020-05-17 11:29:37.569] [exthost] [info] ExtensionService#loadCommonJSModule file:///usr/share/code/resources/app/extensions/emmet/dist/extension
[2020-05-17 11:29:37.589] [exthost] [info] ExtensionService#_doActivateExtension vscode.git {"startup":true,"extensionId":{"value":"vscode.git","_lower":"vscode.git"},"activationEvent":"*"}
[2020-05-17 11:29:37.590] [exthost] [info] ExtensionService#loadCommonJSModule file:///usr/share/code/resources/app/extensions/git/dist/main
[2020-05-17 11:29:37.670] [exthost] [info] ExtensionService#_doActivateExtension vscode.github-authentication {"startup":true,"extensionId":{"value":"vscode.github-authentication","_lower":"vscode.github-authentication"},"activationEvent":"*"}
[2020-05-17 11:29:37.670] [exthost] [info] ExtensionService#loadCommonJSModule file:///usr/share/code/resources/app/extensions/github-authentication/dist/extension.js
[2020-05-17 11:29:37.708] [exthost] [info] ExtensionService#_doActivateExtension vscode.merge-conflict {"startup":true,"extensionId":{"value":"vscode.merge-conflict","_lower":"vscode.merge-conflict"},"activationEvent":"*"}
[2020-05-17 11:29:37.709] [exthost] [info] ExtensionService#loadCommonJSModule file:///usr/share/code/resources/app/extensions/merge-conflict/dist/extension
[2020-05-17 11:29:37.712] [exthost] [info] ExtensionService#_doActivateExtension vscode.search-result {"startup":true,"extensionId":{"value":"vscode.search-result","_lower":"vscode.search-result"},"activationEvent":"*"}
[2020-05-17 11:29:37.712] [exthost] [info] ExtensionService#loadCommonJSModule file:///usr/share/code/resources/app/extensions/search-result/dist/extension.js
[2020-05-17 11:29:37.714] [exthost] [info] ExtensionService#_doActivateExtension vscode.vscode-account {"startup":true,"extensionId":{"value":"vscode.vscode-account","_lower":"vscode.vscode-account"},"activationEvent":"*"}
[2020-05-17 11:29:37.715] [exthost] [info] ExtensionService#loadCommonJSModule file:///usr/share/code/resources/app/extensions/vscode-account/dist/extension.js
[2020-05-17 11:29:37.734] [exthost] [info] ExtensionService#_doActivateExtension Equinusocio.vsc-material-theme {"startup":true,"extensionId":{"value":"Equinusocio.vsc-material-theme","_lower":"equinusocio.vsc-material-theme"},"activationEvent":"*"}
[2020-05-17 11:29:37.734] [exthost] [info] ExtensionService#loadCommonJSModule file:///home/mahmoud/.vscode/extensions/equinusocio.vsc-material-theme-32.6.0/build/material.theme.config
[2020-05-17 11:29:37.746] [exthost] [info] ExtensionService#_doActivateExtension equinusocio.vsc-material-theme-icons {"startup":true,"extensionId":{"value":"equinusocio.vsc-material-theme-icons","_lower":"equinusocio.vsc-material-theme-icons"},"activationEvent":"*"}
[2020-05-17 11:29:37.746] [exthost] [info] ExtensionService#loadCommonJSModule file:///home/mahmoud/.vscode/extensions/equinusocio.vsc-material-theme-icons-1.1.4/out/src/extension
[2020-05-17 11:29:37.769] [exthost] [info] ExtensionService#_doActivateExtension ms-vscode.sublime-keybindings {"startup":true,"extensionId":{"value":"ms-vscode.sublime-keybindings","_lower":"ms-vscode.sublime-keybindings"},"activationEvent":"*"}
[2020-05-17 11:29:37.769] [exthost] [info] ExtensionService#loadCommonJSModule file:///home/mahmoud/.vscode/extensions/ms-vscode.sublime-keybindings-4.0.7/out/extension
[2020-05-17 11:29:37.794] [exthost] [info] ExtensionService#_doActivateExtension PKief.material-icon-theme {"startup":true,"extensionId":{"value":"PKief.material-icon-theme","_lower":"pkief.material-icon-theme"},"activationEvent":"*"}
[2020-05-17 11:29:37.794] [exthost] [info] ExtensionService#loadCommonJSModule file:///home/mahmoud/.vscode/extensions/pkief.material-icon-theme-4.1.0/dist/extension
[2020-05-17 11:29:37.840] [exthost] [info] ExtensionService#_doActivateExtension yokoe.vscode-postfix-go {"startup":true,"extensionId":{"value":"yokoe.vscode-postfix-go","_lower":"yokoe.vscode-postfix-go"},"activationEvent":"*"}
[2020-05-17 11:29:37.841] [exthost] [info] ExtensionService#loadCommonJSModule file:///home/mahmoud/.vscode/extensions/yokoe.vscode-postfix-go-0.0.12/out/src/extension
[2020-05-17 11:29:37.945] [exthost] [info] ExtensionService#_doActivateExtension vscode.typescript-language-features {"startup":false,"extensionId":{"value":"vscode.typescript-language-features","_lower":"vscode.typescript-language-features"},"activationEvent":"onLanguage:javascript"}
[2020-05-17 11:29:37.945] [exthost] [info] ExtensionService#loadCommonJSModule file:///usr/share/code/resources/app/extensions/typescript-language-features/dist/extension
[2020-05-17 11:29:38.012] [exthost] [info] ExtensionService#_doActivateExtension ecmel.vscode-html-css {"startup":false,"extensionId":{"value":"ecmel.vscode-html-css","_lower":"ecmel.vscode-html-css"},"activationEvent":"onLanguage:javascript"}
[2020-05-17 11:29:38.013] [exthost] [info] ExtensionService#loadCommonJSModule file:///home/mahmoud/.vscode/extensions/ecmel.vscode-html-css-0.2.3/dist/extension
[2020-05-17 11:29:39.451] [exthost] [info] eager extensions activated
[2020-05-17 11:30:06.529] [exthost] [info] ExtensionService#_doActivateExtension vscode.extension-editing {"startup":false,"extensionId":{"value":"vscode.extension-editing","_lower":"vscode.extension-editing"},"activationEvent":"onLanguage:typescript"}
[2020-05-17 11:30:06.529] [exthost] [info] ExtensionService#loadCommonJSModule file:///usr/share/code/resources/app/extensions/extension-editing/dist/extension
