[2020-05-10 11:07:29.053] [renderer1] [error] <semantic> TypeScript Server Error (3.8.3)
Debug Failure. False expression: Token end is child end
Error: Debug Failure. False expression: Token end is child end
    at processChildNode (/usr/share/code/resources/app/extensions/node_modules/typescript/lib/tsserver.js:122170:34)
    at /usr/share/code/resources/app/extensions/node_modules/typescript/lib/tsserver.js:122106:21
    at visitNode (/usr/share/code/resources/app/extensions/node_modules/typescript/lib/tsserver.js:18281:24)
    at Object.forEachChild (/usr/share/code/resources/app/extensions/node_modules/typescript/lib/tsserver.js:18366:21)
    at processNode (/usr/share/code/resources/app/extensions/node_modules/typescript/lib/tsserver.js:122105:20)
    at processChildNode (/usr/share/code/resources/app/extensions/node_modules/typescript/lib/tsserver.js:122176:21)
    at processChildNodes (/usr/share/code/resources/app/extensions/node_modules/typescript/lib/tsserver.js:122239:48)
    at /usr/share/code/resources/app/extensions/node_modules/typescript/lib/tsserver.js:122108:21
    at visitNodes (/usr/share/code/resources/app/extensions/node_modules/typescript/lib/tsserver.js:18286:24)
    at Object.forEachChild (/usr/share/code/resources/app/extensions/node_modules/typescript/lib/tsserver.js:18460:24)
    at processNode (/usr/share/code/resources/app/extensions/node_modules/typescript/lib/tsserver.js:122105:20)
    at processChildNode (/usr/share/code/resources/app/extensions/node_modules/typescript/lib/tsserver.js:122176:21)
    at /usr/share/code/resources/app/extensions/node_modules/typescript/lib/tsserver.js:122106:21
    at visitNode (/usr/share/code/resources/app/extensions/node_modules/typescript/lib/tsserver.js:18281:24)
    at Object.forEachChild (/usr/share/code/resources/app/extensions/node_modules/typescript/lib/tsserver.js:18368:21)
    at processNode (/usr/share/code/resources/app/extensions/node_modules/typescript/lib/tsserver.js:122105:20)
    at processChildNode (/usr/share/code/resources/app/extensions/node_modules/typescript/lib/tsserver.js:122176:21)
    at processChildNodes (/usr/share/code/resources/app/extensions/node_modules/typescript/lib/tsserver.js:122239:48)
    at /usr/share/code/resources/app/extensions/node_modules/typescript/lib/tsserver.js:122108:21
    at visitNodes (/usr/share/code/resources/app/extensions/node_modules/typescript/lib/tsserver.js:18286:24)
    at Object.forEachChild (/usr/share/code/resources/app/extensions/node_modules/typescript/lib/tsserver.js:18460:24)
    at processNode (/usr/share/code/resources/app/extensions/node_modules/typescript/lib/tsserver.js:122105:20)
    at processChildNode (/usr/share/code/resources/app/extensions/node_modules/typescript/lib/tsserver.js:122176:21)
    at processChildNodes (/usr/share/code/resources/app/extensions/node_modules/typescript/lib/tsserver.js:122239:48)
    at /usr/share/code/resources/app/extensions/node_modules/typescript/lib/tsserver.js:122108:21
    at visitNodes (/usr/share/code/resources/app/extensions/node_modules/typescript/lib/tsserver.js:18286:24)
    at Object.forEachChild (/usr/share/code/resources/app/extensions/node_modules/typescript/lib/tsserver.js:18458:24)
    at processNode (/usr/share/code/resources/app/extensions/node_modules/typescript/lib/tsserver.js:122105:20)
    at processChildNode (/usr/share/code/resources/app/extensions/node_modules/typescript/lib/tsserver.js:122176:21)
    at processChildNodes (/usr/share/code/resources/app/extensions/node_modules/typescript/lib/tsserver.js:122239:48)
    at /usr/share/code/resources/app/extensions/node_modules/typescript/lib/tsserver.js:122108:21
    at visitNodes (/usr/share/code/resources/app/extensions/node_modules/typescript/lib/tsserver.js:18286:24)
    at Object.forEachChild (/usr/share/code/resources/app/extensions/node_modules/typescript/lib/tsserver.js:18474:21)
    at processNode (/usr/share/code/resources/app/extensions/node_modules/typescript/lib/tsserver.js:122105:20)
    at formatSpanWorker (/usr/share/code/resources/app/extensions/node_modules/typescript/lib/tsserver.js:121920:17)
    at /usr/share/code/resources/app/extensions/node_modules/typescript/lib/tsserver.js:121884:140
    at Object.getFormattingScanner (/usr/share/code/resources/app/extensions/node_modules/typescript/lib/tsserver.js:120526:23)
    at Object.formatNodeGivenIndentation (/usr/share/code/resources/app/extensions/node_modules/typescript/lib/tsserver.js:121884:31)
    at getFormattedTextOfNode (/usr/share/code/resources/app/extensions/node_modules/typescript/lib/tsserver.js:124037:45)
    at format (/usr/share/code/resources/app/extensions/node_modules/typescript/lib/tsserver.js:124009:52)
    at computeNewText (/usr/share/code/resources/app/extensions/node_modules/typescript/lib/tsserver.js:124012:23)
    at /usr/share/code/resources/app/extensions/node_modules/typescript/lib/tsserver.js:123982:89
    at Array.map (<anonymous>)
    at /usr/share/code/resources/app/extensions/node_modules/typescript/lib/tsserver.js:123981:50
    at Array.map (<anonymous>)
    at Object.getTextChangesFromChanges (/usr/share/code/resources/app/extensions/node_modules/typescript/lib/tsserver.js:123967:86)
    at ChangeTracker.getChanges (/usr/share/code/resources/app/extensions/node_modules/typescript/lib/tsserver.js:123935:45)
    at Function.ChangeTracker.with (/usr/share/code/resources/app/extensions/node_modules/typescript/lib/tsserver.js:123414:32)
    at Object.getCodeActions (/usr/share/code/resources/app/extensions/node_modules/typescript/lib/tsserver.js:130388:64)
    at /usr/share/code/resources/app/extensions/node_modules/typescript/lib/tsserver.js:124540:77
    at Object.flatMap (/usr/share/code/resources/app/extensions/node_modules/typescript/lib/tsserver.js:465:25)
    at Object.getFixes (/usr/share/code/resources/app/extensions/node_modules/typescript/lib/tsserver.js:124540:23)
    at /usr/share/code/resources/app/extensions/node_modules/typescript/lib/tsserver.js:135666:35
    at Object.flatMap (/usr/share/code/resources/app/extensions/node_modules/typescript/lib/tsserver.js:465:25)
    at Proxy.getCodeFixesAtPosition (/usr/share/code/resources/app/extensions/node_modules/typescript/lib/tsserver.js:135664:23)
    at IOSession.Session.getCodeFixes (/usr/share/code/resources/app/extensions/node_modules/typescript/lib/tsserver.js:145753:64)
    at Session.handlers.ts.createMapFromTemplate._a.<computed> (/usr/share/code/resources/app/extensions/node_modules/typescript/lib/tsserver.js:144510:61)
    at /usr/share/code/resources/app/extensions/node_modules/typescript/lib/tsserver.js:146003:88
    at IOSession.Session.executeWithRequestId (/usr/share/code/resources/app/extensions/node_modules/typescript/lib/tsserver.js:145994:28)
    at IOSession.Session.executeCommand (/usr/share/code/resources/app/extensions/node_modules/typescript/lib/tsserver.js:146003:33)
    at IOSession.Session.onMessage (/usr/share/code/resources/app/extensions/node_modules/typescript/lib/tsserver.js:146027:35)
    at Interface.<anonymous> (/usr/share/code/resources/app/extensions/node_modules/typescript/lib/tsserver.js:147342:27)
    at Interface.emit (events.js:203:13)
    at Interface._onLine (readline.js:316:10)
    at Interface._normalWrite (readline.js:461:12)
    at Socket.ondata (readline.js:172:10)
    at Socket.emit (events.js:203:13)
    at addChunk (_stream_readable.js:295:12)
    at readableAddChunk (_stream_readable.js:276:11)
    at Socket.Readable.push (_stream_readable.js:210:10)
    at Pipe.onStreamRead (internal/stream_base_commons.js:166:17): Error: <semantic> TypeScript Server Error (3.8.3)
Debug Failure. False expression: Token end is child end
Error: Debug Failure. False expression: Token end is child end
    at processChildNode (/usr/share/code/resources/app/extensions/node_modules/typescript/lib/tsserver.js:122170:34)
    at /usr/share/code/resources/app/extensions/node_modules/typescript/lib/tsserver.js:122106:21
    at visitNode (/usr/share/code/resources/app/extensions/node_modules/typescript/lib/tsserver.js:18281:24)
    at Object.forEachChild (/usr/share/code/resources/app/extensions/node_modules/typescript/lib/tsserver.js:18366:21)
    at processNode (/usr/share/code/resources/app/extensions/node_modules/typescript/lib/tsserver.js:122105:20)
    at processChildNode (/usr/share/code/resources/app/extensions/node_modules/typescript/lib/tsserver.js:122176:21)
    at processChildNodes (/usr/share/code/resources/app/extensions/node_modules/typescript/lib/tsserver.js:122239:48)
    at /usr/share/code/resources/app/extensions/node_modules/typescript/lib/tsserver.js:122108:21
    at visitNodes (/usr/share/code/resources/app/extensions/node_modules/typescript/lib/tsserver.js:18286:24)
    at Object.forEachChild (/usr/share/code/resources/app/extensions/node_modules/typescript/lib/tsserver.js:18460:24)
    at processNode (/usr/share/code/resources/app/extensions/node_modules/typescript/lib/tsserver.js:122105:20)
    at processChildNode (/usr/share/code/resources/app/extensions/node_modules/typescript/lib/tsserver.js:122176:21)
    at /usr/share/code/resources/app/extensions/node_modules/typescript/lib/tsserver.js:122106:21
    at visitNode (/usr/share/code/resources/app/extensions/node_modules/typescript/lib/tsserver.js:18281:24)
    at Object.forEachChild (/usr/share/code/resources/app/extensions/node_modules/typescript/lib/tsserver.js:18368:21)
    at processNode (/usr/share/code/resources/app/extensions/node_modules/typescript/lib/tsserver.js:122105:20)
    at processChildNode (/usr/share/code/resources/app/extensions/node_modules/typescript/lib/tsserver.js:122176:21)
    at processChildNodes (/usr/share/code/resources/app/extensions/node_modules/typescript/lib/tsserver.js:122239:48)
    at /usr/share/code/resources/app/extensions/node_modules/typescript/lib/tsserver.js:122108:21
    at visitNodes (/usr/share/code/resources/app/extensions/node_modules/typescript/lib/tsserver.js:18286:24)
    at Object.forEachChild (/usr/share/code/resources/app/extensions/node_modules/typescript/lib/tsserver.js:18460:24)
    at processNode (/usr/share/code/resources/app/extensions/node_modules/typescript/lib/tsserver.js:122105:20)
    at processChildNode (/usr/share/code/resources/app/extensions/node_modules/typescript/lib/tsserver.js:122176:21)
    at processChildNodes (/usr/share/code/resources/app/extensions/node_modules/typescript/lib/tsserver.js:122239:48)
    at /usr/share/code/resources/app/extensions/node_modules/typescript/lib/tsserver.js:122108:21
    at visitNodes (/usr/share/code/resources/app/extensions/node_modules/typescript/lib/tsserver.js:18286:24)
    at Object.forEachChild (/usr/share/code/resources/app/extensions/node_modules/typescript/lib/tsserver.js:18458:24)
    at processNode (/usr/share/code/resources/app/extensions/node_modules/typescript/lib/tsserver.js:122105:20)
    at processChildNode (/usr/share/code/resources/app/extensions/node_modules/typescript/lib/tsserver.js:122176:21)
    at processChildNodes (/usr/share/code/resources/app/extensions/node_modules/typescript/lib/tsserver.js:122239:48)
    at /usr/share/code/resources/app/extensions/node_modules/typescript/lib/tsserver.js:122108:21
    at visitNodes (/usr/share/code/resources/app/extensions/node_modules/typescript/lib/tsserver.js:18286:24)
    at Object.forEachChild (/usr/share/code/resources/app/extensions/node_modules/typescript/lib/tsserver.js:18474:21)
    at processNode (/usr/share/code/resources/app/extensions/node_modules/typescript/lib/tsserver.js:122105:20)
    at formatSpanWorker (/usr/share/code/resources/app/extensions/node_modules/typescript/lib/tsserver.js:121920:17)
    at /usr/share/code/resources/app/extensions/node_modules/typescript/lib/tsserver.js:121884:140
    at Object.getFormattingScanner (/usr/share/code/resources/app/extensions/node_modules/typescript/lib/tsserver.js:120526:23)
    at Object.formatNodeGivenIndentation (/usr/share/code/resources/app/extensions/node_modules/typescript/lib/tsserver.js:121884:31)
    at getFormattedTextOfNode (/usr/share/code/resources/app/extensions/node_modules/typescript/lib/tsserver.js:124037:45)
    at format (/usr/share/code/resources/app/extensions/node_modules/typescript/lib/tsserver.js:124009:52)
    at computeNewText (/usr/share/code/resources/app/extensions/node_modules/typescript/lib/tsserver.js:124012:23)
    at /usr/share/code/resources/app/extensions/node_modules/typescript/lib/tsserver.js:123982:89
    at Array.map (<anonymous>)
    at /usr/share/code/resources/app/extensions/node_modules/typescript/lib/tsserver.js:123981:50
    at Array.map (<anonymous>)
    at Object.getTextChangesFromChanges (/usr/share/code/resources/app/extensions/node_modules/typescript/lib/tsserver.js:123967:86)
    at ChangeTracker.getChanges (/usr/share/code/resources/app/extensions/node_modules/typescript/lib/tsserver.js:123935:45)
    at Function.ChangeTracker.with (/usr/share/code/resources/app/extensions/node_modules/typescript/lib/tsserver.js:123414:32)
    at Object.getCodeActions (/usr/share/code/resources/app/extensions/node_modules/typescript/lib/tsserver.js:130388:64)
    at /usr/share/code/resources/app/extensions/node_modules/typescript/lib/tsserver.js:124540:77
    at Object.flatMap (/usr/share/code/resources/app/extensions/node_modules/typescript/lib/tsserver.js:465:25)
    at Object.getFixes (/usr/share/code/resources/app/extensions/node_modules/typescript/lib/tsserver.js:124540:23)
    at /usr/share/code/resources/app/extensions/node_modules/typescript/lib/tsserver.js:135666:35
    at Object.flatMap (/usr/share/code/resources/app/extensions/node_modules/typescript/lib/tsserver.js:465:25)
    at Proxy.getCodeFixesAtPosition (/usr/share/code/resources/app/extensions/node_modules/typescript/lib/tsserver.js:135664:23)
    at IOSession.Session.getCodeFixes (/usr/share/code/resources/app/extensions/node_modules/typescript/lib/tsserver.js:145753:64)
    at Session.handlers.ts.createMapFromTemplate._a.<computed> (/usr/share/code/resources/app/extensions/node_modules/typescript/lib/tsserver.js:144510:61)
    at /usr/share/code/resources/app/extensions/node_modules/typescript/lib/tsserver.js:146003:88
    at IOSession.Session.executeWithRequestId (/usr/share/code/resources/app/extensions/node_modules/typescript/lib/tsserver.js:145994:28)
    at IOSession.Session.executeCommand (/usr/share/code/resources/app/extensions/node_modules/typescript/lib/tsserver.js:146003:33)
    at IOSession.Session.onMessage (/usr/share/code/resources/app/extensions/node_modules/typescript/lib/tsserver.js:146027:35)
    at Interface.<anonymous> (/usr/share/code/resources/app/extensions/node_modules/typescript/lib/tsserver.js:147342:27)
    at Interface.emit (events.js:203:13)
    at Interface._onLine (readline.js:316:10)
    at Interface._normalWrite (readline.js:461:12)
    at Socket.ondata (readline.js:172:10)
    at Socket.emit (events.js:203:13)
    at addChunk (_stream_readable.js:295:12)
    at readableAddChunk (_stream_readable.js:276:11)
    at Socket.Readable.push (_stream_readable.js:210:10)
    at Pipe.onStreamRead (internal/stream_base_commons.js:166:17)
	at Function.create (/usr/share/code/resources/app/extensions/typescript-language-features/dist/extension.js:1:52449)
	at e.dispatchResponse (/usr/share/code/resources/app/extensions/typescript-language-features/dist/extension.js:1:222369)
	at e.dispatchMessage (/usr/share/code/resources/app/extensions/typescript-language-features/dist/extension.js:1:221287)
	at /usr/share/code/resources/app/extensions/typescript-language-features/dist/extension.js:1:220763
	at e.fire (/usr/share/code/resources/app/out/vs/workbench/services/extensions/node/extensionHostProcess.js:46:67)
	at t.Reader.onLengthData (/usr/share/code/resources/app/extensions/typescript-language-features/dist/extension.js:1:229425)
	at Socket.<anonymous> (/usr/share/code/resources/app/extensions/typescript-language-features/dist/extension.js:1:229073)
	at Socket.emit (events.js:203:13)
	at addChunk (_stream_readable.js:295:12)
	at readableAddChunk (_stream_readable.js:276:11)
	at Socket.Readable.push (_stream_readable.js:210:10)
	at Pipe.onStreamRead (internal/stream_base_commons.js:166:17)
[2020-05-10 11:07:31.047] [renderer1] [error] <semantic> TypeScript Server Error (3.8.3)
Debug Failure. False expression: Token end is child end
Error: Debug Failure. False expression: Token end is child end
    at processChildNode (/usr/share/code/resources/app/extensions/node_modules/typescript/lib/tsserver.js:122170:34)
    at /usr/share/code/resources/app/extensions/node_modules/typescript/lib/tsserver.js:122106:21
    at visitNode (/usr/share/code/resources/app/extensions/node_modules/typescript/lib/tsserver.js:18281:24)
    at Object.forEachChild (/usr/share/code/resources/app/extensions/node_modules/typescript/lib/tsserver.js:18366:21)
    at processNode (/usr/share/code/resources/app/extensions/node_modules/typescript/lib/tsserver.js:122105:20)
    at processChildNode (/usr/share/code/resources/app/extensions/node_modules/typescript/lib/tsserver.js:122176:21)
    at processChildNodes (/usr/share/code/resources/app/extensions/node_modules/typescript/lib/tsserver.js:122239:48)
    at /usr/share/code/resources/app/extensions/node_modules/typescript/lib/tsserver.js:122108:21
    at visitNodes (/usr/share/code/resources/app/extensions/node_modules/typescript/lib/tsserver.js:18286:24)
    at Object.forEachChild (/usr/share/code/resources/app/extensions/node_modules/typescript/lib/tsserver.js:18460:24)
    at processNode (/usr/share/code/resources/app/extensions/node_modules/typescript/lib/tsserver.js:122105:20)
    at processChildNode (/usr/share/code/resources/app/extensions/node_modules/typescript/lib/tsserver.js:122176:21)
    at /usr/share/code/resources/app/extensions/node_modules/typescript/lib/tsserver.js:122106:21
    at visitNode (/usr/share/code/resources/app/extensions/node_modules/typescript/lib/tsserver.js:18281:24)
    at Object.forEachChild (/usr/share/code/resources/app/extensions/node_modules/typescript/lib/tsserver.js:18368:21)
    at processNode (/usr/share/code/resources/app/extensions/node_modules/typescript/lib/tsserver.js:122105:20)
    at processChildNode (/usr/share/code/resources/app/extensions/node_modules/typescript/lib/tsserver.js:122176:21)
    at processChildNodes (/usr/share/code/resources/app/extensions/node_modules/typescript/lib/tsserver.js:122239:48)
    at /usr/share/code/resources/app/extensions/node_modules/typescript/lib/tsserver.js:122108:21
    at visitNodes (/usr/share/code/resources/app/extensions/node_modules/typescript/lib/tsserver.js:18286:24)
    at Object.forEachChild (/usr/share/code/resources/app/extensions/node_modules/typescript/lib/tsserver.js:18460:24)
    at processNode (/usr/share/code/resources/app/extensions/node_modules/typescript/lib/tsserver.js:122105:20)
    at processChildNode (/usr/share/code/resources/app/extensions/node_modules/typescript/lib/tsserver.js:122176:21)
    at processChildNodes (/usr/share/code/resources/app/extensions/node_modules/typescript/lib/tsserver.js:122239:48)
    at /usr/share/code/resources/app/extensions/node_modules/typescript/lib/tsserver.js:122108:21
    at visitNodes (/usr/share/code/resources/app/extensions/node_modules/typescript/lib/tsserver.js:18286:24)
    at Object.forEachChild (/usr/share/code/resources/app/extensions/node_modules/typescript/lib/tsserver.js:18458:24)
    at processNode (/usr/share/code/resources/app/extensions/node_modules/typescript/lib/tsserver.js:122105:20)
    at processChildNode (/usr/share/code/resources/app/extensions/node_modules/typescript/lib/tsserver.js:122176:21)
    at processChildNodes (/usr/share/code/resources/app/extensions/node_modules/typescript/lib/tsserver.js:122239:48)
    at /usr/share/code/resources/app/extensions/node_modules/typescript/lib/tsserver.js:122108:21
    at visitNodes (/usr/share/code/resources/app/extensions/node_modules/typescript/lib/tsserver.js:18286:24)
    at Object.forEachChild (/usr/share/code/resources/app/extensions/node_modules/typescript/lib/tsserver.js:18474:21)
    at processNode (/usr/share/code/resources/app/extensions/node_modules/typescript/lib/tsserver.js:122105:20)
    at formatSpanWorker (/usr/share/code/resources/app/extensions/node_modules/typescript/lib/tsserver.js:121920:17)
    at /usr/share/code/resources/app/extensions/node_modules/typescript/lib/tsserver.js:121884:140
    at Object.getFormattingScanner (/usr/share/code/resources/app/extensions/node_modules/typescript/lib/tsserver.js:120526:23)
    at Object.formatNodeGivenIndentation (/usr/share/code/resources/app/extensions/node_modules/typescript/lib/tsserver.js:121884:31)
    at getFormattedTextOfNode (/usr/share/code/resources/app/extensions/node_modules/typescript/lib/tsserver.js:124037:45)
    at format (/usr/share/code/resources/app/extensions/node_modules/typescript/lib/tsserver.js:124009:52)
    at computeNewText (/usr/share/code/resources/app/extensions/node_modules/typescript/lib/tsserver.js:124012:23)
    at /usr/share/code/resources/app/extensions/node_modules/typescript/lib/tsserver.js:123982:89
    at Array.map (<anonymous>)
    at /usr/share/code/resources/app/extensions/node_modules/typescript/lib/tsserver.js:123981:50
    at Array.map (<anonymous>)
    at Object.getTextChangesFromChanges (/usr/share/code/resources/app/extensions/node_modules/typescript/lib/tsserver.js:123967:86)
    at ChangeTracker.getChanges (/usr/share/code/resources/app/extensions/node_modules/typescript/lib/tsserver.js:123935:45)
    at Function.ChangeTracker.with (/usr/share/code/resources/app/extensions/node_modules/typescript/lib/tsserver.js:123414:32)
    at Object.getCodeActions (/usr/share/code/resources/app/extensions/node_modules/typescript/lib/tsserver.js:130388:64)
    at /usr/share/code/resources/app/extensions/node_modules/typescript/lib/tsserver.js:124540:77
    at Object.flatMap (/usr/share/code/resources/app/extensions/node_modules/typescript/lib/tsserver.js:465:25)
    at Object.getFixes (/usr/share/code/resources/app/extensions/node_modules/typescript/lib/tsserver.js:124540:23)
    at /usr/share/code/resources/app/extensions/node_modules/typescript/lib/tsserver.js:135666:35
    at Object.flatMap (/usr/share/code/resources/app/extensions/node_modules/typescript/lib/tsserver.js:465:25)
    at Proxy.getCodeFixesAtPosition (/usr/share/code/resources/app/extensions/node_modules/typescript/lib/tsserver.js:135664:23)
    at IOSession.Session.getCodeFixes (/usr/share/code/resources/app/extensions/node_modules/typescript/lib/tsserver.js:145753:64)
    at Session.handlers.ts.createMapFromTemplate._a.<computed> (/usr/share/code/resources/app/extensions/node_modules/typescript/lib/tsserver.js:144510:61)
    at /usr/share/code/resources/app/extensions/node_modules/typescript/lib/tsserver.js:146003:88
    at IOSession.Session.executeWithRequestId (/usr/share/code/resources/app/extensions/node_modules/typescript/lib/tsserver.js:145994:28)
    at IOSession.Session.executeCommand (/usr/share/code/resources/app/extensions/node_modules/typescript/lib/tsserver.js:146003:33)
    at IOSession.Session.onMessage (/usr/share/code/resources/app/extensions/node_modules/typescript/lib/tsserver.js:146027:35)
    at Interface.<anonymous> (/usr/share/code/resources/app/extensions/node_modules/typescript/lib/tsserver.js:147342:27)
    at Interface.emit (events.js:203:13)
    at Interface._onLine (readline.js:316:10)
    at Interface._normalWrite (readline.js:461:12)
    at Socket.ondata (readline.js:172:10)
    at Socket.emit (events.js:203:13)
    at addChunk (_stream_readable.js:295:12)
    at readableAddChunk (_stream_readable.js:276:11)
    at Socket.Readable.push (_stream_readable.js:210:10)
    at Pipe.onStreamRead (internal/stream_base_commons.js:166:17): Error: <semantic> TypeScript Server Error (3.8.3)
Debug Failure. False expression: Token end is child end
Error: Debug Failure. False expression: Token end is child end
    at processChildNode (/usr/share/code/resources/app/extensions/node_modules/typescript/lib/tsserver.js:122170:34)
    at /usr/share/code/resources/app/extensions/node_modules/typescript/lib/tsserver.js:122106:21
    at visitNode (/usr/share/code/resources/app/extensions/node_modules/typescript/lib/tsserver.js:18281:24)
    at Object.forEachChild (/usr/share/code/resources/app/extensions/node_modules/typescript/lib/tsserver.js:18366:21)
    at processNode (/usr/share/code/resources/app/extensions/node_modules/typescript/lib/tsserver.js:122105:20)
    at processChildNode (/usr/share/code/resources/app/extensions/node_modules/typescript/lib/tsserver.js:122176:21)
    at processChildNodes (/usr/share/code/resources/app/extensions/node_modules/typescript/lib/tsserver.js:122239:48)
    at /usr/share/code/resources/app/extensions/node_modules/typescript/lib/tsserver.js:122108:21
    at visitNodes (/usr/share/code/resources/app/extensions/node_modules/typescript/lib/tsserver.js:18286:24)
    at Object.forEachChild (/usr/share/code/resources/app/extensions/node_modules/typescript/lib/tsserver.js:18460:24)
    at processNode (/usr/share/code/resources/app/extensions/node_modules/typescript/lib/tsserver.js:122105:20)
    at processChildNode (/usr/share/code/resources/app/extensions/node_modules/typescript/lib/tsserver.js:122176:21)
    at /usr/share/code/resources/app/extensions/node_modules/typescript/lib/tsserver.js:122106:21
    at visitNode (/usr/share/code/resources/app/extensions/node_modules/typescript/lib/tsserver.js:18281:24)
    at Object.forEachChild (/usr/share/code/resources/app/extensions/node_modules/typescript/lib/tsserver.js:18368:21)
    at processNode (/usr/share/code/resources/app/extensions/node_modules/typescript/lib/tsserver.js:122105:20)
    at processChildNode (/usr/share/code/resources/app/extensions/node_modules/typescript/lib/tsserver.js:122176:21)
    at processChildNodes (/usr/share/code/resources/app/extensions/node_modules/typescript/lib/tsserver.js:122239:48)
    at /usr/share/code/resources/app/extensions/node_modules/typescript/lib/tsserver.js:122108:21
    at visitNodes (/usr/share/code/resources/app/extensions/node_modules/typescript/lib/tsserver.js:18286:24)
    at Object.forEachChild (/usr/share/code/resources/app/extensions/node_modules/typescript/lib/tsserver.js:18460:24)
    at processNode (/usr/share/code/resources/app/extensions/node_modules/typescript/lib/tsserver.js:122105:20)
    at processChildNode (/usr/share/code/resources/app/extensions/node_modules/typescript/lib/tsserver.js:122176:21)
    at processChildNodes (/usr/share/code/resources/app/extensions/node_modules/typescript/lib/tsserver.js:122239:48)
    at /usr/share/code/resources/app/extensions/node_modules/typescript/lib/tsserver.js:122108:21
    at visitNodes (/usr/share/code/resources/app/extensions/node_modules/typescript/lib/tsserver.js:18286:24)
    at Object.forEachChild (/usr/share/code/resources/app/extensions/node_modules/typescript/lib/tsserver.js:18458:24)
    at processNode (/usr/share/code/resources/app/extensions/node_modules/typescript/lib/tsserver.js:122105:20)
    at processChildNode (/usr/share/code/resources/app/extensions/node_modules/typescript/lib/tsserver.js:122176:21)
    at processChildNodes (/usr/share/code/resources/app/extensions/node_modules/typescript/lib/tsserver.js:122239:48)
    at /usr/share/code/resources/app/extensions/node_modules/typescript/lib/tsserver.js:122108:21
    at visitNodes (/usr/share/code/resources/app/extensions/node_modules/typescript/lib/tsserver.js:18286:24)
    at Object.forEachChild (/usr/share/code/resources/app/extensions/node_modules/typescript/lib/tsserver.js:18474:21)
    at processNode (/usr/share/code/resources/app/extensions/node_modules/typescript/lib/tsserver.js:122105:20)
    at formatSpanWorker (/usr/share/code/resources/app/extensions/node_modules/typescript/lib/tsserver.js:121920:17)
    at /usr/share/code/resources/app/extensions/node_modules/typescript/lib/tsserver.js:121884:140
    at Object.getFormattingScanner (/usr/share/code/resources/app/extensions/node_modules/typescript/lib/tsserver.js:120526:23)
    at Object.formatNodeGivenIndentation (/usr/share/code/resources/app/extensions/node_modules/typescript/lib/tsserver.js:121884:31)
    at getFormattedTextOfNode (/usr/share/code/resources/app/extensions/node_modules/typescript/lib/tsserver.js:124037:45)
    at format (/usr/share/code/resources/app/extensions/node_modules/typescript/lib/tsserver.js:124009:52)
    at computeNewText (/usr/share/code/resources/app/extensions/node_modules/typescript/lib/tsserver.js:124012:23)
    at /usr/share/code/resources/app/extensions/node_modules/typescript/lib/tsserver.js:123982:89
    at Array.map (<anonymous>)
    at /usr/share/code/resources/app/extensions/node_modules/typescript/lib/tsserver.js:123981:50
    at Array.map (<anonymous>)
    at Object.getTextChangesFromChanges (/usr/share/code/resources/app/extensions/node_modules/typescript/lib/tsserver.js:123967:86)
    at ChangeTracker.getChanges (/usr/share/code/resources/app/extensions/node_modules/typescript/lib/tsserver.js:123935:45)
    at Function.ChangeTracker.with (/usr/share/code/resources/app/extensions/node_modules/typescript/lib/tsserver.js:123414:32)
    at Object.getCodeActions (/usr/share/code/resources/app/extensions/node_modules/typescript/lib/tsserver.js:130388:64)
    at /usr/share/code/resources/app/extensions/node_modules/typescript/lib/tsserver.js:124540:77
    at Object.flatMap (/usr/share/code/resources/app/extensions/node_modules/typescript/lib/tsserver.js:465:25)
    at Object.getFixes (/usr/share/code/resources/app/extensions/node_modules/typescript/lib/tsserver.js:124540:23)
    at /usr/share/code/resources/app/extensions/node_modules/typescript/lib/tsserver.js:135666:35
    at Object.flatMap (/usr/share/code/resources/app/extensions/node_modules/typescript/lib/tsserver.js:465:25)
    at Proxy.getCodeFixesAtPosition (/usr/share/code/resources/app/extensions/node_modules/typescript/lib/tsserver.js:135664:23)
    at IOSession.Session.getCodeFixes (/usr/share/code/resources/app/extensions/node_modules/typescript/lib/tsserver.js:145753:64)
    at Session.handlers.ts.createMapFromTemplate._a.<computed> (/usr/share/code/resources/app/extensions/node_modules/typescript/lib/tsserver.js:144510:61)
    at /usr/share/code/resources/app/extensions/node_modules/typescript/lib/tsserver.js:146003:88
    at IOSession.Session.executeWithRequestId (/usr/share/code/resources/app/extensions/node_modules/typescript/lib/tsserver.js:145994:28)
    at IOSession.Session.executeCommand (/usr/share/code/resources/app/extensions/node_modules/typescript/lib/tsserver.js:146003:33)
    at IOSession.Session.onMessage (/usr/share/code/resources/app/extensions/node_modules/typescript/lib/tsserver.js:146027:35)
    at Interface.<anonymous> (/usr/share/code/resources/app/extensions/node_modules/typescript/lib/tsserver.js:147342:27)
    at Interface.emit (events.js:203:13)
    at Interface._onLine (readline.js:316:10)
    at Interface._normalWrite (readline.js:461:12)
    at Socket.ondata (readline.js:172:10)
    at Socket.emit (events.js:203:13)
    at addChunk (_stream_readable.js:295:12)
    at readableAddChunk (_stream_readable.js:276:11)
    at Socket.Readable.push (_stream_readable.js:210:10)
    at Pipe.onStreamRead (internal/stream_base_commons.js:166:17)
	at Function.create (/usr/share/code/resources/app/extensions/typescript-language-features/dist/extension.js:1:52449)
	at e.dispatchResponse (/usr/share/code/resources/app/extensions/typescript-language-features/dist/extension.js:1:222369)
	at e.dispatchMessage (/usr/share/code/resources/app/extensions/typescript-language-features/dist/extension.js:1:221287)
	at /usr/share/code/resources/app/extensions/typescript-language-features/dist/extension.js:1:220763
	at e.fire (/usr/share/code/resources/app/out/vs/workbench/services/extensions/node/extensionHostProcess.js:46:67)
	at t.Reader.onLengthData (/usr/share/code/resources/app/extensions/typescript-language-features/dist/extension.js:1:229425)
	at Socket.<anonymous> (/usr/share/code/resources/app/extensions/typescript-language-features/dist/extension.js:1:229073)
	at Socket.emit (events.js:203:13)
	at addChunk (_stream_readable.js:295:12)
	at readableAddChunk (_stream_readable.js:276:11)
	at Socket.Readable.push (_stream_readable.js:210:10)
	at Pipe.onStreamRead (internal/stream_base_commons.js:166:17)
[2020-05-10 11:07:33.595] [renderer1] [error] <semantic> TypeScript Server Error (3.8.3)
Debug Failure. False expression: Token end is child end
Error: Debug Failure. False expression: Token end is child end
    at processChildNode (/usr/share/code/resources/app/extensions/node_modules/typescript/lib/tsserver.js:122170:34)
    at /usr/share/code/resources/app/extensions/node_modules/typescript/lib/tsserver.js:122106:21
    at visitNode (/usr/share/code/resources/app/extensions/node_modules/typescript/lib/tsserver.js:18281:24)
    at Object.forEachChild (/usr/share/code/resources/app/extensions/node_modules/typescript/lib/tsserver.js:18366:21)
    at processNode (/usr/share/code/resources/app/extensions/node_modules/typescript/lib/tsserver.js:122105:20)
    at processChildNode (/usr/share/code/resources/app/extensions/node_modules/typescript/lib/tsserver.js:122176:21)
    at processChildNodes (/usr/share/code/resources/app/extensions/node_modules/typescript/lib/tsserver.js:122239:48)
    at /usr/share/code/resources/app/extensions/node_modules/typescript/lib/tsserver.js:122108:21
    at visitNodes (/usr/share/code/resources/app/extensions/node_modules/typescript/lib/tsserver.js:18286:24)
    at Object.forEachChild (/usr/share/code/resources/app/extensions/node_modules/typescript/lib/tsserver.js:18460:24)
    at processNode (/usr/share/code/resources/app/extensions/node_modules/typescript/lib/tsserver.js:122105:20)
    at processChildNode (/usr/share/code/resources/app/extensions/node_modules/typescript/lib/tsserver.js:122176:21)
    at /usr/share/code/resources/app/extensions/node_modules/typescript/lib/tsserver.js:122106:21
    at visitNode (/usr/share/code/resources/app/extensions/node_modules/typescript/lib/tsserver.js:18281:24)
    at Object.forEachChild (/usr/share/code/resources/app/extensions/node_modules/typescript/lib/tsserver.js:18368:21)
    at processNode (/usr/share/code/resources/app/extensions/node_modules/typescript/lib/tsserver.js:122105:20)
    at processChildNode (/usr/share/code/resources/app/extensions/node_modules/typescript/lib/tsserver.js:122176:21)
    at processChildNodes (/usr/share/code/resources/app/extensions/node_modules/typescript/lib/tsserver.js:122239:48)
    at /usr/share/code/resources/app/extensions/node_modules/typescript/lib/tsserver.js:122108:21
    at visitNodes (/usr/share/code/resources/app/extensions/node_modules/typescript/lib/tsserver.js:18286:24)
    at Object.forEachChild (/usr/share/code/resources/app/extensions/node_modules/typescript/lib/tsserver.js:18460:24)
    at processNode (/usr/share/code/resources/app/extensions/node_modules/typescript/lib/tsserver.js:122105:20)
    at processChildNode (/usr/share/code/resources/app/extensions/node_modules/typescript/lib/tsserver.js:122176:21)
    at processChildNodes (/usr/share/code/resources/app/extensions/node_modules/typescript/lib/tsserver.js:122239:48)
    at /usr/share/code/resources/app/extensions/node_modules/typescript/lib/tsserver.js:122108:21
    at visitNodes (/usr/share/code/resources/app/extensions/node_modules/typescript/lib/tsserver.js:18286:24)
    at Object.forEachChild (/usr/share/code/resources/app/extensions/node_modules/typescript/lib/tsserver.js:18458:24)
    at processNode (/usr/share/code/resources/app/extensions/node_modules/typescript/lib/tsserver.js:122105:20)
    at processChildNode (/usr/share/code/resources/app/extensions/node_modules/typescript/lib/tsserver.js:122176:21)
    at processChildNodes (/usr/share/code/resources/app/extensions/node_modules/typescript/lib/tsserver.js:122239:48)
    at /usr/share/code/resources/app/extensions/node_modules/typescript/lib/tsserver.js:122108:21
    at visitNodes (/usr/share/code/resources/app/extensions/node_modules/typescript/lib/tsserver.js:18286:24)
    at Object.forEachChild (/usr/share/code/resources/app/extensions/node_modules/typescript/lib/tsserver.js:18474:21)
    at processNode (/usr/share/code/resources/app/extensions/node_modules/typescript/lib/tsserver.js:122105:20)
    at formatSpanWorker (/usr/share/code/resources/app/extensions/node_modules/typescript/lib/tsserver.js:121920:17)
    at /usr/share/code/resources/app/extensions/node_modules/typescript/lib/tsserver.js:121884:140
    at Object.getFormattingScanner (/usr/share/code/resources/app/extensions/node_modules/typescript/lib/tsserver.js:120526:23)
    at Object.formatNodeGivenIndentation (/usr/share/code/resources/app/extensions/node_modules/typescript/lib/tsserver.js:121884:31)
    at getFormattedTextOfNode (/usr/share/code/resources/app/extensions/node_modules/typescript/lib/tsserver.js:124037:45)
    at format (/usr/share/code/resources/app/extensions/node_modules/typescript/lib/tsserver.js:124009:52)
    at computeNewText (/usr/share/code/resources/app/extensions/node_modules/typescript/lib/tsserver.js:124012:23)
    at /usr/share/code/resources/app/extensions/node_modules/typescript/lib/tsserver.js:123982:89
    at Array.map (<anonymous>)
    at /usr/share/code/resources/app/extensions/node_modules/typescript/lib/tsserver.js:123981:50
    at Array.map (<anonymous>)
    at Object.getTextChangesFromChanges (/usr/share/code/resources/app/extensions/node_modules/typescript/lib/tsserver.js:123967:86)
    at ChangeTracker.getChanges (/usr/share/code/resources/app/extensions/node_modules/typescript/lib/tsserver.js:123935:45)
    at Function.ChangeTracker.with (/usr/share/code/resources/app/extensions/node_modules/typescript/lib/tsserver.js:123414:32)
    at Object.getCodeActions (/usr/share/code/resources/app/extensions/node_modules/typescript/lib/tsserver.js:130388:64)
    at /usr/share/code/resources/app/extensions/node_modules/typescript/lib/tsserver.js:124540:77
    at Object.flatMap (/usr/share/code/resources/app/extensions/node_modules/typescript/lib/tsserver.js:465:25)
    at Object.getFixes (/usr/share/code/resources/app/extensions/node_modules/typescript/lib/tsserver.js:124540:23)
    at /usr/share/code/resources/app/extensions/node_modules/typescript/lib/tsserver.js:135666:35
    at Object.flatMap (/usr/share/code/resources/app/extensions/node_modules/typescript/lib/tsserver.js:465:25)
    at Proxy.getCodeFixesAtPosition (/usr/share/code/resources/app/extensions/node_modules/typescript/lib/tsserver.js:135664:23)
    at IOSession.Session.getCodeFixes (/usr/share/code/resources/app/extensions/node_modules/typescript/lib/tsserver.js:145753:64)
    at Session.handlers.ts.createMapFromTemplate._a.<computed> (/usr/share/code/resources/app/extensions/node_modules/typescript/lib/tsserver.js:144510:61)
    at /usr/share/code/resources/app/extensions/node_modules/typescript/lib/tsserver.js:146003:88
    at IOSession.Session.executeWithRequestId (/usr/share/code/resources/app/extensions/node_modules/typescript/lib/tsserver.js:145994:28)
    at IOSession.Session.executeCommand (/usr/share/code/resources/app/extensions/node_modules/typescript/lib/tsserver.js:146003:33)
    at IOSession.Session.onMessage (/usr/share/code/resources/app/extensions/node_modules/typescript/lib/tsserver.js:146027:35)
    at Interface.<anonymous> (/usr/share/code/resources/app/extensions/node_modules/typescript/lib/tsserver.js:147342:27)
    at Interface.emit (events.js:203:13)
    at Interface._onLine (readline.js:316:10)
    at Interface._normalWrite (readline.js:461:12)
    at Socket.ondata (readline.js:172:10)
    at Socket.emit (events.js:203:13)
    at addChunk (_stream_readable.js:295:12)
    at readableAddChunk (_stream_readable.js:276:11)
    at Socket.Readable.push (_stream_readable.js:210:10)
    at Pipe.onStreamRead (internal/stream_base_commons.js:166:17): Error: <semantic> TypeScript Server Error (3.8.3)
Debug Failure. False expression: Token end is child end
Error: Debug Failure. False expression: Token end is child end
    at processChildNode (/usr/share/code/resources/app/extensions/node_modules/typescript/lib/tsserver.js:122170:34)
    at /usr/share/code/resources/app/extensions/node_modules/typescript/lib/tsserver.js:122106:21
    at visitNode (/usr/share/code/resources/app/extensions/node_modules/typescript/lib/tsserver.js:18281:24)
    at Object.forEachChild (/usr/share/code/resources/app/extensions/node_modules/typescript/lib/tsserver.js:18366:21)
    at processNode (/usr/share/code/resources/app/extensions/node_modules/typescript/lib/tsserver.js:122105:20)
    at processChildNode (/usr/share/code/resources/app/extensions/node_modules/typescript/lib/tsserver.js:122176:21)
    at processChildNodes (/usr/share/code/resources/app/extensions/node_modules/typescript/lib/tsserver.js:122239:48)
    at /usr/share/code/resources/app/extensions/node_modules/typescript/lib/tsserver.js:122108:21
    at visitNodes (/usr/share/code/resources/app/extensions/node_modules/typescript/lib/tsserver.js:18286:24)
    at Object.forEachChild (/usr/share/code/resources/app/extensions/node_modules/typescript/lib/tsserver.js:18460:24)
    at processNode (/usr/share/code/resources/app/extensions/node_modules/typescript/lib/tsserver.js:122105:20)
    at processChildNode (/usr/share/code/resources/app/extensions/node_modules/typescript/lib/tsserver.js:122176:21)
    at /usr/share/code/resources/app/extensions/node_modules/typescript/lib/tsserver.js:122106:21
    at visitNode (/usr/share/code/resources/app/extensions/node_modules/typescript/lib/tsserver.js:18281:24)
    at Object.forEachChild (/usr/share/code/resources/app/extensions/node_modules/typescript/lib/tsserver.js:18368:21)
    at processNode (/usr/share/code/resources/app/extensions/node_modules/typescript/lib/tsserver.js:122105:20)
    at processChildNode (/usr/share/code/resources/app/extensions/node_modules/typescript/lib/tsserver.js:122176:21)
    at processChildNodes (/usr/share/code/resources/app/extensions/node_modules/typescript/lib/tsserver.js:122239:48)
    at /usr/share/code/resources/app/extensions/node_modules/typescript/lib/tsserver.js:122108:21
    at visitNodes (/usr/share/code/resources/app/extensions/node_modules/typescript/lib/tsserver.js:18286:24)
    at Object.forEachChild (/usr/share/code/resources/app/extensions/node_modules/typescript/lib/tsserver.js:18460:24)
    at processNode (/usr/share/code/resources/app/extensions/node_modules/typescript/lib/tsserver.js:122105:20)
    at processChildNode (/usr/share/code/resources/app/extensions/node_modules/typescript/lib/tsserver.js:122176:21)
    at processChildNodes (/usr/share/code/resources/app/extensions/node_modules/typescript/lib/tsserver.js:122239:48)
    at /usr/share/code/resources/app/extensions/node_modules/typescript/lib/tsserver.js:122108:21
    at visitNodes (/usr/share/code/resources/app/extensions/node_modules/typescript/lib/tsserver.js:18286:24)
    at Object.forEachChild (/usr/share/code/resources/app/extensions/node_modules/typescript/lib/tsserver.js:18458:24)
    at processNode (/usr/share/code/resources/app/extensions/node_modules/typescript/lib/tsserver.js:122105:20)
    at processChildNode (/usr/share/code/resources/app/extensions/node_modules/typescript/lib/tsserver.js:122176:21)
    at processChildNodes (/usr/share/code/resources/app/extensions/node_modules/typescript/lib/tsserver.js:122239:48)
    at /usr/share/code/resources/app/extensions/node_modules/typescript/lib/tsserver.js:122108:21
    at visitNodes (/usr/share/code/resources/app/extensions/node_modules/typescript/lib/tsserver.js:18286:24)
    at Object.forEachChild (/usr/share/code/resources/app/extensions/node_modules/typescript/lib/tsserver.js:18474:21)
    at processNode (/usr/share/code/resources/app/extensions/node_modules/typescript/lib/tsserver.js:122105:20)
    at formatSpanWorker (/usr/share/code/resources/app/extensions/node_modules/typescript/lib/tsserver.js:121920:17)
    at /usr/share/code/resources/app/extensions/node_modules/typescript/lib/tsserver.js:121884:140
    at Object.getFormattingScanner (/usr/share/code/resources/app/extensions/node_modules/typescript/lib/tsserver.js:120526:23)
    at Object.formatNodeGivenIndentation (/usr/share/code/resources/app/extensions/node_modules/typescript/lib/tsserver.js:121884:31)
    at getFormattedTextOfNode (/usr/share/code/resources/app/extensions/node_modules/typescript/lib/tsserver.js:124037:45)
    at format (/usr/share/code/resources/app/extensions/node_modules/typescript/lib/tsserver.js:124009:52)
    at computeNewText (/usr/share/code/resources/app/extensions/node_modules/typescript/lib/tsserver.js:124012:23)
    at /usr/share/code/resources/app/extensions/node_modules/typescript/lib/tsserver.js:123982:89
    at Array.map (<anonymous>)
    at /usr/share/code/resources/app/extensions/node_modules/typescript/lib/tsserver.js:123981:50
    at Array.map (<anonymous>)
    at Object.getTextChangesFromChanges (/usr/share/code/resources/app/extensions/node_modules/typescript/lib/tsserver.js:123967:86)
    at ChangeTracker.getChanges (/usr/share/code/resources/app/extensions/node_modules/typescript/lib/tsserver.js:123935:45)
    at Function.ChangeTracker.with (/usr/share/code/resources/app/extensions/node_modules/typescript/lib/tsserver.js:123414:32)
    at Object.getCodeActions (/usr/share/code/resources/app/extensions/node_modules/typescript/lib/tsserver.js:130388:64)
    at /usr/share/code/resources/app/extensions/node_modules/typescript/lib/tsserver.js:124540:77
    at Object.flatMap (/usr/share/code/resources/app/extensions/node_modules/typescript/lib/tsserver.js:465:25)
    at Object.getFixes (/usr/share/code/resources/app/extensions/node_modules/typescript/lib/tsserver.js:124540:23)
    at /usr/share/code/resources/app/extensions/node_modules/typescript/lib/tsserver.js:135666:35
    at Object.flatMap (/usr/share/code/resources/app/extensions/node_modules/typescript/lib/tsserver.js:465:25)
    at Proxy.getCodeFixesAtPosition (/usr/share/code/resources/app/extensions/node_modules/typescript/lib/tsserver.js:135664:23)
    at IOSession.Session.getCodeFixes (/usr/share/code/resources/app/extensions/node_modules/typescript/lib/tsserver.js:145753:64)
    at Session.handlers.ts.createMapFromTemplate._a.<computed> (/usr/share/code/resources/app/extensions/node_modules/typescript/lib/tsserver.js:144510:61)
    at /usr/share/code/resources/app/extensions/node_modules/typescript/lib/tsserver.js:146003:88
    at IOSession.Session.executeWithRequestId (/usr/share/code/resources/app/extensions/node_modules/typescript/lib/tsserver.js:145994:28)
    at IOSession.Session.executeCommand (/usr/share/code/resources/app/extensions/node_modules/typescript/lib/tsserver.js:146003:33)
    at IOSession.Session.onMessage (/usr/share/code/resources/app/extensions/node_modules/typescript/lib/tsserver.js:146027:35)
    at Interface.<anonymous> (/usr/share/code/resources/app/extensions/node_modules/typescript/lib/tsserver.js:147342:27)
    at Interface.emit (events.js:203:13)
    at Interface._onLine (readline.js:316:10)
    at Interface._normalWrite (readline.js:461:12)
    at Socket.ondata (readline.js:172:10)
    at Socket.emit (events.js:203:13)
    at addChunk (_stream_readable.js:295:12)
    at readableAddChunk (_stream_readable.js:276:11)
    at Socket.Readable.push (_stream_readable.js:210:10)
    at Pipe.onStreamRead (internal/stream_base_commons.js:166:17)
	at Function.create (/usr/share/code/resources/app/extensions/typescript-language-features/dist/extension.js:1:52449)
	at e.dispatchResponse (/usr/share/code/resources/app/extensions/typescript-language-features/dist/extension.js:1:222369)
	at e.dispatchMessage (/usr/share/code/resources/app/extensions/typescript-language-features/dist/extension.js:1:221287)
	at /usr/share/code/resources/app/extensions/typescript-language-features/dist/extension.js:1:220763
	at e.fire (/usr/share/code/resources/app/out/vs/workbench/services/extensions/node/extensionHostProcess.js:46:67)
	at t.Reader.onLengthData (/usr/share/code/resources/app/extensions/typescript-language-features/dist/extension.js:1:229425)
	at Socket.<anonymous> (/usr/share/code/resources/app/extensions/typescript-language-features/dist/extension.js:1:229073)
	at Socket.emit (events.js:203:13)
	at addChunk (_stream_readable.js:295:12)
	at readableAddChunk (_stream_readable.js:276:11)
	at Socket.Readable.push (_stream_readable.js:210:10)
	at Pipe.onStreamRead (internal/stream_base_commons.js:166:17)
